<?xml version="1.0" encoding="UTF-8"?>
<testsuite xmlns:xsi="http://www.w3.org/2001/XMLSchema-instance" xsi:noNamespaceSchemaLocation="https://maven.apache.org/surefire/maven-surefire-plugin/xsd/surefire-test-report-3.0.xsd" version="3.0" name="TestSuite" time="11.16" tests="1" errors="0" skipped="0" failures="0">
  <properties>
[...]
</properties>
  <testcase name="runScenario[&quot;Successful Login with valid credentials&quot;, &quot;Portolo Login Functionality&quot;](1)" classname="TestRunner.testRunner" time="8.656">
    <system-out><![CDATA[[DEBUG] suiteXmlPath: "C:\Users\mayan\eclipse-workspace\CucumberFramworkProject\testng.xml"
[DEBUG] [Graph] ADDING NODE AbstractTestNGCucumberTests.setUpClass(org.testng.ITestContext)[pri:0, instance:null] -393284817
[DEBUG] [Graph] ================ SORTING
[DEBUG] [Graph] =============== DONE SORTING
[DEBUG] [Graph] ====== SORTED NODES
[DEBUG] [Graph] ====== END SORTED NODES
[DEBUG] [Graph] ADDING NODE AbstractTestNGCucumberTests.tearDownClass()[pri:0, instance:null] 1523153566
[DEBUG] [Graph] ================ SORTING
[DEBUG] [Graph] =============== DONE SORTING
[DEBUG] [Graph] ====== SORTED NODES
[DEBUG] [Graph] ====== END SORTED NODES
[DEBUG] [Graph] ADDING NODE AbstractTestNGCucumberTests.runScenario(io.cucumber.testng.PickleWrapper,io.cucumber.testng.FeatureWrapper)[pri:0, instance:TestRunner.testRunner@5ddf0d24] 424539637
[DEBUG] [Graph] ================ SORTING
[DEBUG] [Graph] =============== DONE SORTING
[DEBUG] [Graph] ====== SORTED NODES
[DEBUG] [Graph] ====== END SORTED NODES
[DEBUG] Resolution chrome=106 in cache (valid until 02:17:25 09/10/2022 IST)
[DEBUG] Resolution chrome106=106.0.5249.61 in cache (valid until 01:17:25 10/10/2022 IST)
[INFO] Using chromedriver 106.0.5249.61 (resolved driver for Chrome 106)
[DEBUG] Driver chromedriver 106.0.5249.61 found in cache
[INFO] Exporting webdriver.chrome.driver as C:\windows\system32\config\systemprofile\.cache\selenium\chromedriver\win32\106.0.5249.61\chromedriver.exe
[DEBUG] Using SLF4J as the default logging framework
[DEBUG] -Dio.netty.leakDetection.level: simple
[DEBUG] -Dio.netty.leakDetection.targetRecords: 4
[DEBUG] Loaded default ResourceLeakDetector: io.netty.util.ResourceLeakDetector@2e56b4d
[DEBUG] -Dio.netty.noUnsafe: false
[DEBUG] Java version: 11
[DEBUG] sun.misc.Unsafe.theUnsafe: available
[DEBUG] sun.misc.Unsafe.copyMemory: available
[DEBUG] sun.misc.Unsafe.storeFence: available
[DEBUG] java.nio.Buffer.address: available
[DEBUG] direct buffer constructor: unavailable: Reflective setAccessible(true) disabled
[DEBUG] java.nio.Bits.unaligned: available, true
[DEBUG] jdk.internal.misc.Unsafe.allocateUninitializedArray(int): unavailable: class io.netty.util.internal.PlatformDependent0$7 cannot access class jdk.internal.misc.Unsafe (in module java.base) because module java.base does not export jdk.internal.misc to unnamed module @58065f0c
[DEBUG] java.nio.DirectByteBuffer.<init>(long, int): unavailable
[DEBUG] sun.misc.Unsafe: available
[DEBUG] maxDirectMemory: 4125097984 bytes (maybe)
[DEBUG] -Dio.netty.tmpdir: C:\windows\TEMP (java.io.tmpdir)
[DEBUG] -Dio.netty.bitMode: 64 (sun.arch.data.model)
[DEBUG] Platform: Windows
[DEBUG] -Dio.netty.maxDirectMemory: -1 bytes
[DEBUG] -Dio.netty.uninitializedArrayAllocationThreshold: -1
[DEBUG] java.nio.ByteBuffer.cleaner(): available
[DEBUG] -Dio.netty.noPreferDirect: false
[DEBUG] org.jctools-core.MpscChunkedArrayQueue: available
[DEBUG] -Dio.netty.threadLocalMap.stringBuilder.initialSize: 1024
[DEBUG] -Dio.netty.threadLocalMap.stringBuilder.maxSize: 4096
[DEBUG] Default protocols (JDK): [TLSv1.3, TLSv1.2] 
[DEBUG] Default cipher suites (JDK): [TLS_ECDHE_ECDSA_WITH_AES_256_GCM_SHA384, TLS_ECDHE_ECDSA_WITH_AES_128_GCM_SHA256, TLS_ECDHE_RSA_WITH_AES_128_GCM_SHA256, TLS_ECDHE_RSA_WITH_AES_256_GCM_SHA384, TLS_ECDHE_RSA_WITH_AES_128_CBC_SHA, TLS_ECDHE_RSA_WITH_AES_256_CBC_SHA, TLS_RSA_WITH_AES_128_GCM_SHA256, TLS_RSA_WITH_AES_128_CBC_SHA, TLS_RSA_WITH_AES_256_CBC_SHA, TLS_AES_128_GCM_SHA256, TLS_AES_256_GCM_SHA384]
[DEBUG] -Dio.netty.eventLoopThreads: 20
[DEBUG] -Dio.netty.noKeySetOptimization: false
[DEBUG] -Dio.netty.selectorAutoRebuildThreshold: 512
[DEBUG] -Dio.netty.allocator.numHeapArenas: 20
[DEBUG] -Dio.netty.allocator.numDirectArenas: 20
[DEBUG] -Dio.netty.allocator.pageSize: 8192
[DEBUG] -Dio.netty.allocator.maxOrder: 9
[DEBUG] -Dio.netty.allocator.chunkSize: 4194304
[DEBUG] -Dio.netty.allocator.smallCacheSize: 256
[DEBUG] -Dio.netty.allocator.normalCacheSize: 64
[DEBUG] -Dio.netty.allocator.maxCachedBufferCapacity: 32768
[DEBUG] -Dio.netty.allocator.cacheTrimInterval: 8192
[DEBUG] -Dio.netty.allocator.cacheTrimIntervalMillis: 0
[DEBUG] -Dio.netty.allocator.useCacheForAllThreads: false
[DEBUG] -Dio.netty.allocator.maxCachedByteBuffersPerChunk: 1023
[DEBUG] -Dio.netty.allocator.type: pooled
[DEBUG] -Dio.netty.threadLocalDirectBufferSize: 0
[DEBUG] -Dio.netty.maxThreadLocalCharBufferSize: 16384
[DEBUG] -Dio.netty.processId: 18716 (auto-detected)
[DEBUG] -Djava.net.preferIPv4Stack: false
[DEBUG] -Djava.net.preferIPv6Addresses: false
[DEBUG] Loopback interface: lo (Software Loopback Interface 1, 127.0.0.1)
[DEBUG] Failed to get SOMAXCONN from sysctl and file \proc\sys\net\core\somaxconn. Default: 200
[DEBUG] -Dio.netty.machineId: cc:6b:1e:ff:fe:9d:a8:f9 (auto-detected)
[DEBUG] -Dio.netty.buffer.checkAccessible: true
[DEBUG] -Dio.netty.buffer.checkBounds: true
[DEBUG] Loaded default ResourceLeakDetector: io.netty.util.ResourceLeakDetector@3dcfe4aa
[DEBUG] Using new Channel '[id: 0xc1b301a3, L:/127.0.0.1:61913 - R:localhost/127.0.0.1:57301]' for 'POST' to '/session'
[DEBUG] -Dio.netty.recycler.maxCapacityPerThread: 4096
[DEBUG] -Dio.netty.recycler.ratio: 8
[DEBUG] -Dio.netty.recycler.chunkSize: 32
[DEBUG] -Dio.netty.recycler.blocking: false
[DEBUG] brotli4j not in the classpath; Brotli support will be unavailable.
[DEBUG] 

Request DefaultHttpRequest(decodeResult: success, version: HTTP/1.1)
POST /session HTTP/1.1
User-Agent: selenium/4.3.0 (java windows)
Content-Length: 365
Content-Type: application/json; charset=utf-8
host: localhost:57301
accept: */*

Response DefaultHttpResponse(decodeResult: success, version: HTTP/1.1)
HTTP/1.1 200 OK
Content-Type: application/json; charset=utf-8
cache-control: no-cache
content-length: 769

[DEBUG] Adding key: http://localhost:57301 for channel [id: 0xc1b301a3, L:/127.0.0.1:61913 - R:localhost/127.0.0.1:57301]
[DEBUG] Using new Channel '[id: 0xdd79ce88, L:/127.0.0.1:61920 - R:localhost/127.0.0.1:61914]' for 'GET' to '/json/version'
[DEBUG] 

Request DefaultFullHttpRequest(decodeResult: success, version: HTTP/1.1, content: EmptyByteBufBE)
GET /json/version HTTP/1.1
User-Agent: selenium/4.3.0 (java windows)
host: localhost:61914
accept: */*

Response DefaultHttpResponse(decodeResult: success, version: HTTP/1.1)
HTTP/1.1 200 OK
Content-Type: application/json; charset=UTF-8
content-length: 424

[DEBUG] Adding key: http://localhost:61914 for channel [id: 0xdd79ce88, L:/127.0.0.1:61920 - R:localhost/127.0.0.1:61914]
[DEBUG] -Dio.netty.initialSeedUniquifier: 0xc0f62d6ebedae91e
[DEBUG] Using new Channel '[id: 0xf8c5a111, L:/127.0.0.1:61921 - R:localhost/127.0.0.1:61914]' for 'GET' to '/devtools/browser/cd2ead31-1fc6-4eff-8036-8f07bc501aa6'
[DEBUG] 

Request DefaultFullHttpRequest(decodeResult: success, version: HTTP/1.1, content: EmptyByteBufBE)
GET /devtools/browser/cd2ead31-1fc6-4eff-8036-8f07bc501aa6 HTTP/1.1
upgrade: websocket
connection: upgrade
sec-websocket-key: 31/wtJcNybhh9qtoF0wJRw==
sec-websocket-version: 13
origin: http://localhost:61914
host: localhost:61914
accept: */*
user-agent: AHC/2.1

Response DefaultHttpResponse(decodeResult: success, version: HTTP/1.1)
HTTP/1.1 101 WebSocket Protocol Handshake
Upgrade: WebSocket
Connection: Upgrade
Sec-WebSocket-Accept: t5sFBFCTtUn3wxXBJhIK1qrNjkg=

[DEBUG] Using pooled Channel '[id: 0xc1b301a3, L:/127.0.0.1:61913 - R:localhost/127.0.0.1:57301]' for 'POST' to 'http://localhost:57301/session/59b21f25b19d5a9fca780a53637a1a62/window/maximize'
[DEBUG] Using open Channel [id: 0xc1b301a3, L:/127.0.0.1:61913 - R:localhost/127.0.0.1:57301] for POST '/session/59b21f25b19d5a9fca780a53637a1a62/window/maximize'
[DEBUG] 

Request DefaultHttpRequest(decodeResult: success, version: HTTP/1.1)
POST /session/59b21f25b19d5a9fca780a53637a1a62/window/maximize HTTP/1.1
User-Agent: selenium/4.3.0 (java windows)
Content-Length: 3
Content-Type: application/json; charset=utf-8
host: localhost:57301
accept: */*

Response DefaultHttpResponse(decodeResult: success, version: HTTP/1.1)
HTTP/1.1 200 OK
Content-Type: application/json; charset=utf-8
cache-control: no-cache
content-length: 51

[DEBUG] Adding key: http://localhost:57301 for channel [id: 0xc1b301a3, L:/127.0.0.1:61913 - R:localhost/127.0.0.1:57301]
[DEBUG] Using pooled Channel '[id: 0xc1b301a3, L:/127.0.0.1:61913 - R:localhost/127.0.0.1:57301]' for 'POST' to 'http://localhost:57301/session/59b21f25b19d5a9fca780a53637a1a62/url'
[DEBUG] Using open Channel [id: 0xc1b301a3, L:/127.0.0.1:61913 - R:localhost/127.0.0.1:57301] for POST '/session/59b21f25b19d5a9fca780a53637a1a62/url'
[DEBUG] Entry count for : http://localhost:61914 : 1
[DEBUG] Entry count for : http://localhost:61914 : 1
[DEBUG] 

Request DefaultHttpRequest(decodeResult: success, version: HTTP/1.1)
POST /session/59b21f25b19d5a9fca780a53637a1a62/url HTTP/1.1
User-Agent: selenium/4.3.0 (java windows)
Content-Length: 84
Content-Type: application/json; charset=utf-8
host: localhost:57301
accept: */*

Response DefaultHttpResponse(decodeResult: success, version: HTTP/1.1)
HTTP/1.1 200 OK
Content-Type: application/json; charset=utf-8
cache-control: no-cache
content-length: 14

[DEBUG] Adding key: http://localhost:57301 for channel [id: 0xc1b301a3, L:/127.0.0.1:61913 - R:localhost/127.0.0.1:57301]
[DEBUG] Using pooled Channel '[id: 0xc1b301a3, L:/127.0.0.1:61913 - R:localhost/127.0.0.1:57301]' for 'POST' to 'http://localhost:57301/session/59b21f25b19d5a9fca780a53637a1a62/element'
[DEBUG] Using open Channel [id: 0xc1b301a3, L:/127.0.0.1:61913 - R:localhost/127.0.0.1:57301] for POST '/session/59b21f25b19d5a9fca780a53637a1a62/element'
[DEBUG] 

Request DefaultHttpRequest(decodeResult: success, version: HTTP/1.1)
POST /session/59b21f25b19d5a9fca780a53637a1a62/element HTTP/1.1
User-Agent: selenium/4.3.0 (java windows)
Content-Length: 56
Content-Type: application/json; charset=utf-8
host: localhost:57301
accept: */*

Response DefaultHttpResponse(decodeResult: success, version: HTTP/1.1)
HTTP/1.1 200 OK
Content-Type: application/json; charset=utf-8
cache-control: no-cache
content-length: 88

[DEBUG] Adding key: http://localhost:57301 for channel [id: 0xc1b301a3, L:/127.0.0.1:61913 - R:localhost/127.0.0.1:57301]
[DEBUG] Using pooled Channel '[id: 0xc1b301a3, L:/127.0.0.1:61913 - R:localhost/127.0.0.1:57301]' for 'POST' to 'http://localhost:57301/session/59b21f25b19d5a9fca780a53637a1a62/element/79198bb9-a3d1-4853-be04-50c57422f96a/clear'
[DEBUG] Using open Channel [id: 0xc1b301a3, L:/127.0.0.1:61913 - R:localhost/127.0.0.1:57301] for POST '/session/59b21f25b19d5a9fca780a53637a1a62/element/79198bb9-a3d1-4853-be04-50c57422f96a/clear'
[DEBUG] 

Request DefaultHttpRequest(decodeResult: success, version: HTTP/1.1)
POST /session/59b21f25b19d5a9fca780a53637a1a62/element/79198bb9-a3d1-4853-be04-50c57422f96a/clear HTTP/1.1
User-Agent: selenium/4.3.0 (java windows)
Content-Length: 50
Content-Type: application/json; charset=utf-8
host: localhost:57301
accept: */*

Response DefaultHttpResponse(decodeResult: success, version: HTTP/1.1)
HTTP/1.1 200 OK
Content-Type: application/json; charset=utf-8
cache-control: no-cache
content-length: 14

[DEBUG] Adding key: http://localhost:57301 for channel [id: 0xc1b301a3, L:/127.0.0.1:61913 - R:localhost/127.0.0.1:57301]
[DEBUG] Using pooled Channel '[id: 0xc1b301a3, L:/127.0.0.1:61913 - R:localhost/127.0.0.1:57301]' for 'POST' to 'http://localhost:57301/session/59b21f25b19d5a9fca780a53637a1a62/element'
[DEBUG] Using open Channel [id: 0xc1b301a3, L:/127.0.0.1:61913 - R:localhost/127.0.0.1:57301] for POST '/session/59b21f25b19d5a9fca780a53637a1a62/element'
[DEBUG] 

Request DefaultHttpRequest(decodeResult: success, version: HTTP/1.1)
POST /session/59b21f25b19d5a9fca780a53637a1a62/element HTTP/1.1
User-Agent: selenium/4.3.0 (java windows)
Content-Length: 56
Content-Type: application/json; charset=utf-8
host: localhost:57301
accept: */*

Response DefaultHttpResponse(decodeResult: success, version: HTTP/1.1)
HTTP/1.1 200 OK
Content-Type: application/json; charset=utf-8
cache-control: no-cache
content-length: 88

[DEBUG] Adding key: http://localhost:57301 for channel [id: 0xc1b301a3, L:/127.0.0.1:61913 - R:localhost/127.0.0.1:57301]
[DEBUG] Using pooled Channel '[id: 0xc1b301a3, L:/127.0.0.1:61913 - R:localhost/127.0.0.1:57301]' for 'POST' to 'http://localhost:57301/session/59b21f25b19d5a9fca780a53637a1a62/element/79198bb9-a3d1-4853-be04-50c57422f96a/value'
[DEBUG] Using open Channel [id: 0xc1b301a3, L:/127.0.0.1:61913 - R:localhost/127.0.0.1:57301] for POST '/session/59b21f25b19d5a9fca780a53637a1a62/element/79198bb9-a3d1-4853-be04-50c57422f96a/value'
[DEBUG] 

Request DefaultHttpRequest(decodeResult: success, version: HTTP/1.1)
POST /session/59b21f25b19d5a9fca780a53637a1a62/element/79198bb9-a3d1-4853-be04-50c57422f96a/value HTTP/1.1
User-Agent: selenium/4.3.0 (java windows)
Content-Length: 411
Content-Type: application/json; charset=utf-8
host: localhost:57301
accept: */*

Response DefaultHttpResponse(decodeResult: success, version: HTTP/1.1)
HTTP/1.1 200 OK
Content-Type: application/json; charset=utf-8
cache-control: no-cache
content-length: 14

[DEBUG] Adding key: http://localhost:57301 for channel [id: 0xc1b301a3, L:/127.0.0.1:61913 - R:localhost/127.0.0.1:57301]
[DEBUG] Using pooled Channel '[id: 0xc1b301a3, L:/127.0.0.1:61913 - R:localhost/127.0.0.1:57301]' for 'POST' to 'http://localhost:57301/session/59b21f25b19d5a9fca780a53637a1a62/element'
[DEBUG] Using open Channel [id: 0xc1b301a3, L:/127.0.0.1:61913 - R:localhost/127.0.0.1:57301] for POST '/session/59b21f25b19d5a9fca780a53637a1a62/element'
[DEBUG] 

Request DefaultHttpRequest(decodeResult: success, version: HTTP/1.1)
POST /session/59b21f25b19d5a9fca780a53637a1a62/element HTTP/1.1
User-Agent: selenium/4.3.0 (java windows)
Content-Length: 56
Content-Type: application/json; charset=utf-8
host: localhost:57301
accept: */*

Response DefaultHttpResponse(decodeResult: success, version: HTTP/1.1)
HTTP/1.1 200 OK
Content-Type: application/json; charset=utf-8
cache-control: no-cache
content-length: 88

[DEBUG] Adding key: http://localhost:57301 for channel [id: 0xc1b301a3, L:/127.0.0.1:61913 - R:localhost/127.0.0.1:57301]
[DEBUG] Using pooled Channel '[id: 0xc1b301a3, L:/127.0.0.1:61913 - R:localhost/127.0.0.1:57301]' for 'POST' to 'http://localhost:57301/session/59b21f25b19d5a9fca780a53637a1a62/element/3c207989-2e89-4f3a-941d-2db61a93da6b/clear'
[DEBUG] Using open Channel [id: 0xc1b301a3, L:/127.0.0.1:61913 - R:localhost/127.0.0.1:57301] for POST '/session/59b21f25b19d5a9fca780a53637a1a62/element/3c207989-2e89-4f3a-941d-2db61a93da6b/clear'
[DEBUG] 

Request DefaultHttpRequest(decodeResult: success, version: HTTP/1.1)
POST /session/59b21f25b19d5a9fca780a53637a1a62/element/3c207989-2e89-4f3a-941d-2db61a93da6b/clear HTTP/1.1
User-Agent: selenium/4.3.0 (java windows)
Content-Length: 50
Content-Type: application/json; charset=utf-8
host: localhost:57301
accept: */*

Response DefaultHttpResponse(decodeResult: success, version: HTTP/1.1)
HTTP/1.1 200 OK
Content-Type: application/json; charset=utf-8
cache-control: no-cache
content-length: 14

[DEBUG] Adding key: http://localhost:57301 for channel [id: 0xc1b301a3, L:/127.0.0.1:61913 - R:localhost/127.0.0.1:57301]
[DEBUG] Using pooled Channel '[id: 0xc1b301a3, L:/127.0.0.1:61913 - R:localhost/127.0.0.1:57301]' for 'POST' to 'http://localhost:57301/session/59b21f25b19d5a9fca780a53637a1a62/element'
[DEBUG] Using open Channel [id: 0xc1b301a3, L:/127.0.0.1:61913 - R:localhost/127.0.0.1:57301] for POST '/session/59b21f25b19d5a9fca780a53637a1a62/element'
[DEBUG] 

Request DefaultHttpRequest(decodeResult: success, version: HTTP/1.1)
POST /session/59b21f25b19d5a9fca780a53637a1a62/element HTTP/1.1
User-Agent: selenium/4.3.0 (java windows)
Content-Length: 56
Content-Type: application/json; charset=utf-8
host: localhost:57301
accept: */*

Response DefaultHttpResponse(decodeResult: success, version: HTTP/1.1)
HTTP/1.1 200 OK
Content-Type: application/json; charset=utf-8
cache-control: no-cache
content-length: 88

[DEBUG] Adding key: http://localhost:57301 for channel [id: 0xc1b301a3, L:/127.0.0.1:61913 - R:localhost/127.0.0.1:57301]
[DEBUG] Using pooled Channel '[id: 0xc1b301a3, L:/127.0.0.1:61913 - R:localhost/127.0.0.1:57301]' for 'POST' to 'http://localhost:57301/session/59b21f25b19d5a9fca780a53637a1a62/element/3c207989-2e89-4f3a-941d-2db61a93da6b/value'
[DEBUG] Using open Channel [id: 0xc1b301a3, L:/127.0.0.1:61913 - R:localhost/127.0.0.1:57301] for POST '/session/59b21f25b19d5a9fca780a53637a1a62/element/3c207989-2e89-4f3a-941d-2db61a93da6b/value'
[DEBUG] 

Request DefaultHttpRequest(decodeResult: success, version: HTTP/1.1)
POST /session/59b21f25b19d5a9fca780a53637a1a62/element/3c207989-2e89-4f3a-941d-2db61a93da6b/value HTTP/1.1
User-Agent: selenium/4.3.0 (java windows)
Content-Length: 211
Content-Type: application/json; charset=utf-8
host: localhost:57301
accept: */*

Response DefaultHttpResponse(decodeResult: success, version: HTTP/1.1)
HTTP/1.1 200 OK
Content-Type: application/json; charset=utf-8
cache-control: no-cache
content-length: 14

[DEBUG] Adding key: http://localhost:57301 for channel [id: 0xc1b301a3, L:/127.0.0.1:61913 - R:localhost/127.0.0.1:57301]
[DEBUG] Using pooled Channel '[id: 0xc1b301a3, L:/127.0.0.1:61913 - R:localhost/127.0.0.1:57301]' for 'POST' to 'http://localhost:57301/session/59b21f25b19d5a9fca780a53637a1a62/element'
[DEBUG] Using open Channel [id: 0xc1b301a3, L:/127.0.0.1:61913 - R:localhost/127.0.0.1:57301] for POST '/session/59b21f25b19d5a9fca780a53637a1a62/element'
[DEBUG] 

Request DefaultHttpRequest(decodeResult: success, version: HTTP/1.1)
POST /session/59b21f25b19d5a9fca780a53637a1a62/element HTTP/1.1
User-Agent: selenium/4.3.0 (java windows)
Content-Length: 50
Content-Type: application/json; charset=utf-8
host: localhost:57301
accept: */*

Response DefaultHttpResponse(decodeResult: success, version: HTTP/1.1)
HTTP/1.1 200 OK
Content-Type: application/json; charset=utf-8
cache-control: no-cache
content-length: 88

[DEBUG] Adding key: http://localhost:57301 for channel [id: 0xc1b301a3, L:/127.0.0.1:61913 - R:localhost/127.0.0.1:57301]
[DEBUG] Using pooled Channel '[id: 0xc1b301a3, L:/127.0.0.1:61913 - R:localhost/127.0.0.1:57301]' for 'POST' to 'http://localhost:57301/session/59b21f25b19d5a9fca780a53637a1a62/element/e87f74a1-4e52-41d2-9ac5-4ef479fe6802/click'
[DEBUG] Using open Channel [id: 0xc1b301a3, L:/127.0.0.1:61913 - R:localhost/127.0.0.1:57301] for POST '/session/59b21f25b19d5a9fca780a53637a1a62/element/e87f74a1-4e52-41d2-9ac5-4ef479fe6802/click'
[DEBUG] Entry count for : http://localhost:61914 : 1
[DEBUG] Entry count for : http://localhost:61914 : 1
[DEBUG] 

Request DefaultHttpRequest(decodeResult: success, version: HTTP/1.1)
POST /session/59b21f25b19d5a9fca780a53637a1a62/element/e87f74a1-4e52-41d2-9ac5-4ef479fe6802/click HTTP/1.1
User-Agent: selenium/4.3.0 (java windows)
Content-Length: 50
Content-Type: application/json; charset=utf-8
host: localhost:57301
accept: */*

Response DefaultHttpResponse(decodeResult: success, version: HTTP/1.1)
HTTP/1.1 200 OK
Content-Type: application/json; charset=utf-8
cache-control: no-cache
content-length: 14

[DEBUG] Adding key: http://localhost:57301 for channel [id: 0xc1b301a3, L:/127.0.0.1:61913 - R:localhost/127.0.0.1:57301]
[DEBUG] Using pooled Channel '[id: 0xc1b301a3, L:/127.0.0.1:61913 - R:localhost/127.0.0.1:57301]' for 'GET' to 'http://localhost:57301/session/59b21f25b19d5a9fca780a53637a1a62/title'
[DEBUG] Using open Channel [id: 0xc1b301a3, L:/127.0.0.1:61913 - R:localhost/127.0.0.1:57301] for GET '/session/59b21f25b19d5a9fca780a53637a1a62/title'
[DEBUG] 

Request DefaultFullHttpRequest(decodeResult: success, version: HTTP/1.1, content: EmptyByteBufBE)
GET /session/59b21f25b19d5a9fca780a53637a1a62/title HTTP/1.1
User-Agent: selenium/4.3.0 (java windows)
Cache-Control: no-cache
Content-Type: application/json; charset=utf-8
host: localhost:57301
accept: */*

Response DefaultHttpResponse(decodeResult: success, version: HTTP/1.1)
HTTP/1.1 200 OK
Content-Type: application/json; charset=utf-8
cache-control: no-cache
content-length: 29

[DEBUG] Adding key: http://localhost:57301 for channel [id: 0xc1b301a3, L:/127.0.0.1:61913 - R:localhost/127.0.0.1:57301]
[DEBUG] Using pooled Channel '[id: 0xc1b301a3, L:/127.0.0.1:61913 - R:localhost/127.0.0.1:57301]' for 'POST' to 'http://localhost:57301/session/59b21f25b19d5a9fca780a53637a1a62/element'
[DEBUG] Using open Channel [id: 0xc1b301a3, L:/127.0.0.1:61913 - R:localhost/127.0.0.1:57301] for POST '/session/59b21f25b19d5a9fca780a53637a1a62/element'
[DEBUG] 

Request DefaultHttpRequest(decodeResult: success, version: HTTP/1.1)
POST /session/59b21f25b19d5a9fca780a53637a1a62/element HTTP/1.1
User-Agent: selenium/4.3.0 (java windows)
Content-Length: 51
Content-Type: application/json; charset=utf-8
host: localhost:57301
accept: */*

Response DefaultHttpResponse(decodeResult: success, version: HTTP/1.1)
HTTP/1.1 200 OK
Content-Type: application/json; charset=utf-8
cache-control: no-cache
content-length: 88

[DEBUG] Adding key: http://localhost:57301 for channel [id: 0xc1b301a3, L:/127.0.0.1:61913 - R:localhost/127.0.0.1:57301]
[DEBUG] Using pooled Channel '[id: 0xc1b301a3, L:/127.0.0.1:61913 - R:localhost/127.0.0.1:57301]' for 'POST' to 'http://localhost:57301/session/59b21f25b19d5a9fca780a53637a1a62/element/4e49a064-d325-4af0-aa72-c80126a2f17b/click'
[DEBUG] Using open Channel [id: 0xc1b301a3, L:/127.0.0.1:61913 - R:localhost/127.0.0.1:57301] for POST '/session/59b21f25b19d5a9fca780a53637a1a62/element/4e49a064-d325-4af0-aa72-c80126a2f17b/click'
[DEBUG] 

Request DefaultHttpRequest(decodeResult: success, version: HTTP/1.1)
POST /session/59b21f25b19d5a9fca780a53637a1a62/element/4e49a064-d325-4af0-aa72-c80126a2f17b/click HTTP/1.1
User-Agent: selenium/4.3.0 (java windows)
Content-Length: 50
Content-Type: application/json; charset=utf-8
host: localhost:57301
accept: */*

Response DefaultHttpResponse(decodeResult: success, version: HTTP/1.1)
HTTP/1.1 200 OK
Content-Type: application/json; charset=utf-8
cache-control: no-cache
content-length: 14

[DEBUG] Adding key: http://localhost:57301 for channel [id: 0xc1b301a3, L:/127.0.0.1:61913 - R:localhost/127.0.0.1:57301]
[DEBUG] Using pooled Channel '[id: 0xc1b301a3, L:/127.0.0.1:61913 - R:localhost/127.0.0.1:57301]' for 'DELETE' to 'http://localhost:57301/session/59b21f25b19d5a9fca780a53637a1a62/window'
[DEBUG] Using open Channel [id: 0xc1b301a3, L:/127.0.0.1:61913 - R:localhost/127.0.0.1:57301] for DELETE '/session/59b21f25b19d5a9fca780a53637a1a62/window'
[DEBUG] Unexpected I/O exception on channel [id: 0xf8c5a111, L:/127.0.0.1:61921 - R:localhost/127.0.0.1:61914]
java.io.IOException: An existing connection was forcibly closed by the remote host
	at java.base/sun.nio.ch.SocketDispatcher.read0(Native Method) ~[na:na]
	at java.base/sun.nio.ch.SocketDispatcher.read(SocketDispatcher.java:43) ~[na:na]
	at java.base/sun.nio.ch.IOUtil.readIntoNativeBuffer(IOUtil.java:276) ~[na:na]
	at java.base/sun.nio.ch.IOUtil.read(IOUtil.java:233) ~[na:na]
	at java.base/sun.nio.ch.IOUtil.read(IOUtil.java:223) ~[na:na]
	at java.base/sun.nio.ch.SocketChannelImpl.read(SocketChannelImpl.java:358) ~[na:na]
	at io.netty.buffer.PooledByteBuf.setBytes(PooledByteBuf.java:258) ~[netty-buffer-4.1.78.Final.jar:4.1.78.Final]
	at io.netty.buffer.AbstractByteBuf.writeBytes(AbstractByteBuf.java:1132) ~[netty-buffer-4.1.78.Final.jar:4.1.78.Final]
	at io.netty.channel.socket.nio.NioSocketChannel.doReadBytes(NioSocketChannel.java:357) ~[netty-transport-4.1.78.Final.jar:4.1.78.Final]
	at io.netty.channel.nio.AbstractNioByteChannel$NioByteUnsafe.read(AbstractNioByteChannel.java:151) ~[netty-transport-4.1.78.Final.jar:4.1.78.Final]
	at io.netty.channel.nio.NioEventLoop.processSelectedKey(NioEventLoop.java:722) ~[netty-transport-4.1.78.Final.jar:4.1.78.Final]
	at io.netty.channel.nio.NioEventLoop.processSelectedKeysOptimized(NioEventLoop.java:658) ~[netty-transport-4.1.78.Final.jar:4.1.78.Final]
	at io.netty.channel.nio.NioEventLoop.processSelectedKeys(NioEventLoop.java:584) ~[netty-transport-4.1.78.Final.jar:4.1.78.Final]
	at io.netty.channel.nio.NioEventLoop.run(NioEventLoop.java:496) ~[netty-transport-4.1.78.Final.jar:4.1.78.Final]
	at io.netty.util.concurrent.SingleThreadEventExecutor$4.run(SingleThreadEventExecutor.java:997) ~[netty-common-4.1.78.Final.jar:4.1.78.Final]
	at io.netty.util.internal.ThreadExecutorMap$2.run(ThreadExecutorMap.java:74) ~[netty-common-4.1.78.Final.jar:4.1.78.Final]
	at io.netty.util.concurrent.FastThreadLocalRunnable.run(FastThreadLocalRunnable.java:30) ~[netty-common-4.1.78.Final.jar:4.1.78.Final]
	at java.base/java.lang.Thread.run(Thread.java:834) ~[na:na]
[DEBUG] Unexpected I/O exception on channel [id: 0xdd79ce88, L:/127.0.0.1:61920 - R:localhost/127.0.0.1:61914]
java.io.IOException: An existing connection was forcibly closed by the remote host
	at java.base/sun.nio.ch.SocketDispatcher.read0(Native Method) ~[na:na]
	at java.base/sun.nio.ch.SocketDispatcher.read(SocketDispatcher.java:43) ~[na:na]
	at java.base/sun.nio.ch.IOUtil.readIntoNativeBuffer(IOUtil.java:276) ~[na:na]
	at java.base/sun.nio.ch.IOUtil.read(IOUtil.java:233) ~[na:na]
	at java.base/sun.nio.ch.IOUtil.read(IOUtil.java:223) ~[na:na]
	at java.base/sun.nio.ch.SocketChannelImpl.read(SocketChannelImpl.java:358) ~[na:na]
	at io.netty.buffer.PooledByteBuf.setBytes(PooledByteBuf.java:258) ~[netty-buffer-4.1.78.Final.jar:4.1.78.Final]
	at io.netty.buffer.AbstractByteBuf.writeBytes(AbstractByteBuf.java:1132) ~[netty-buffer-4.1.78.Final.jar:4.1.78.Final]
	at io.netty.channel.socket.nio.NioSocketChannel.doReadBytes(NioSocketChannel.java:357) ~[netty-transport-4.1.78.Final.jar:4.1.78.Final]
	at io.netty.channel.nio.AbstractNioByteChannel$NioByteUnsafe.read(AbstractNioByteChannel.java:151) ~[netty-transport-4.1.78.Final.jar:4.1.78.Final]
	at io.netty.channel.nio.NioEventLoop.processSelectedKey(NioEventLoop.java:722) ~[netty-transport-4.1.78.Final.jar:4.1.78.Final]
	at io.netty.channel.nio.NioEventLoop.processSelectedKeysOptimized(NioEventLoop.java:658) ~[netty-transport-4.1.78.Final.jar:4.1.78.Final]
	at io.netty.channel.nio.NioEventLoop.processSelectedKeys(NioEventLoop.java:584) ~[netty-transport-4.1.78.Final.jar:4.1.78.Final]
	at io.netty.channel.nio.NioEventLoop.run(NioEventLoop.java:496) ~[netty-transport-4.1.78.Final.jar:4.1.78.Final]
	at io.netty.util.concurrent.SingleThreadEventExecutor$4.run(SingleThreadEventExecutor.java:997) ~[netty-common-4.1.78.Final.jar:4.1.78.Final]
	at io.netty.util.internal.ThreadExecutorMap$2.run(ThreadExecutorMap.java:74) ~[netty-common-4.1.78.Final.jar:4.1.78.Final]
	at io.netty.util.concurrent.FastThreadLocalRunnable.run(FastThreadLocalRunnable.java:30) ~[netty-common-4.1.78.Final.jar:4.1.78.Final]
	at java.base/java.lang.Thread.run(Thread.java:834) ~[na:na]
[DEBUG] Closing Channel [id: 0xdd79ce88, L:/127.0.0.1:61920 - R:localhost/127.0.0.1:61914] 
[DEBUG] Trying to recover from dead Channel: [id: 0xf8c5a111, L:/127.0.0.1:61921 - R:localhost/127.0.0.1:61914]
[DEBUG] Channel Closed: [id: 0xf8c5a111, L:/127.0.0.1:61921 ! R:localhost/127.0.0.1:61914] with attribute NettyResponseFuture{currentRetry=0,
	isDone=1,
	isCancelled=0,
	asyncHandler=org.asynchttpclient.ws.WebSocketUpgradeHandler@5060110c,
	nettyRequest=org.asynchttpclient.netty.request.NettyRequest@60aa5229,
	future=java.util.concurrent.CompletableFuture@672bab28[Completed normally],
	uri=ws://localhost:61914/devtools/browser/cd2ead31-1fc6-4eff-8036-8f07bc501aa6,
	keepAlive=true,
	redirectCount=0,
	timeoutsHolder=null,
	inAuth=0,
	touch=1665259293438}
[DEBUG] Closing Channel [id: 0xf8c5a111, L:/127.0.0.1:61921 ! R:localhost/127.0.0.1:61914] 
[DEBUG] Channel Closed: [id: 0xdd79ce88, L:/127.0.0.1:61920 ! R:localhost/127.0.0.1:61914] with attribute DISCARD
[DEBUG] 

Request DefaultFullHttpRequest(decodeResult: success, version: HTTP/1.1, content: EmptyByteBufBE)
DELETE /session/59b21f25b19d5a9fca780a53637a1a62/window HTTP/1.1
User-Agent: selenium/4.3.0 (java windows)
Content-Type: application/json; charset=utf-8
host: localhost:57301
accept: */*

Response DefaultHttpResponse(decodeResult: success, version: HTTP/1.1)
HTTP/1.1 200 OK
Content-Type: application/json; charset=utf-8
cache-control: no-cache
content-length: 12

[DEBUG] Adding key: http://localhost:57301 for channel [id: 0xc1b301a3, L:/127.0.0.1:61913 - R:localhost/127.0.0.1:57301]
]]></system-out>
    <system-err><![CDATA[Starting ChromeDriver 106.0.5249.61 (511755355844955cd3e264779baf0dd38212a4d0-refs/branch-heads/5249@{#569}) on port 57301
Only local connections are allowed.
Please see https://chromedriver.chromium.org/security-considerations for suggestions on keeping ChromeDriver safe.
ChromeDriver was started successfully.
Oct 09, 2022 1:31:28 AM org.openqa.selenium.remote.ProtocolHandshake createSession
INFO: Detected upstream dialect: W3C
Oct 09, 2022 1:31:28 AM org.openqa.selenium.devtools.CdpVersionFinder findNearestMatch
WARNING: Unable to find an exact match for CDP version 106, so returning the closest version found: 103
Oct 09, 2022 1:31:28 AM org.openqa.selenium.devtools.CdpVersionFinder findNearestMatch
INFO: Found CDP implementation for version 106 of 103
]]></system-err>
  </testcase>
</testsuite>